Base path: 'C:/Users/15103/Desktop/environment/2020.3.16f1/Editor/Data', plugins path 'C:/Users/15103/Desktop/environment/2020.3.16f1/Editor/Data/PlaybackEngines'
Cmd: initializeCompiler

Cmd: compileComputeKernel
  insize=5579 file=F:/Documents/Woodbury/2021 Fall/CSMA 302 - Advanced Programming/Assignments + Projects/Assignment 6/csma_302_6/Assets/FluidSim.compute kernel=ProjectField cachingPP=1 ppOnly=0 stripLineD=0 buildPlatform=19 km=<UNITY_VERSION=202039> pKW=UNITY_ENABLE_REFLECTION_BUFFERS UNITY_USE_DITHER_MASK_FOR_ALPHABLENDED_SHADOWS UNITY_PBS_USE_BRDF1 UNITY_SPECCUBE_BOX_PROJECTION UNITY_SPECCUBE_BLENDING UNITY_ENABLE_DETAIL_NORMALMAP SHADER_API_DESKTOP UNITY_COLORSPACE_GAMMA UNITY_LIGHT_PROBE_PROXY_VOLUME UNITY_LIGHTMAP_FULL_HDR uKW=SHADER_STAGE_COMPUTE platform=d3d11 flags=0  error: 1 plat 4 at FluidSim.compute(167): signed/unsigned mismatch, unsigned assumed
  error: 1 plat 4 at FluidSim.compute(177): signed/unsigned mismatch, unsigned assumed
  error: 1 plat 4 at FluidSim.compute(191): signed/unsigned mismatch, unsigned assumed
  error: 1 plat 4 at FluidSim.compute(201): signed/unsigned mismatch, unsigned assumed
  error: 2 plat 4 at FluidSim.compute(206): syntax error: unexpected token ';'
  error: 2 plat 4 at FluidSim.compute(208): syntax error: unexpected token ')'
  error: 2 plat 4 at FluidSim.compute(211): syntax error: unexpected token '}'
 ok=0 outsize=0

Cmd: compileComputeKernel
  insize=5587 file=F:/Documents/Woodbury/2021 Fall/CSMA 302 - Advanced Programming/Assignments + Projects/Assignment 6/csma_302_6/Assets/FluidSim.compute kernel=ProjectField cachingPP=1 ppOnly=0 stripLineD=0 buildPlatform=19 km=<UNITY_VERSION=202039> pKW=UNITY_ENABLE_REFLECTION_BUFFERS UNITY_USE_DITHER_MASK_FOR_ALPHABLENDED_SHADOWS UNITY_PBS_USE_BRDF1 UNITY_SPECCUBE_BOX_PROJECTION UNITY_SPECCUBE_BLENDING UNITY_ENABLE_DETAIL_NORMALMAP SHADER_API_DESKTOP UNITY_COLORSPACE_GAMMA UNITY_LIGHT_PROBE_PROXY_VOLUME UNITY_LIGHTMAP_FULL_HDR uKW=SHADER_STAGE_COMPUTE platform=d3d11 flags=0  error: 1 plat 4 at FluidSim.compute(167): signed/unsigned mismatch, unsigned assumed
  error: 1 plat 4 at FluidSim.compute(177): signed/unsigned mismatch, unsigned assumed
  error: 1 plat 4 at FluidSim.compute(191): signed/unsigned mismatch, unsigned assumed
  error: 1 plat 4 at FluidSim.compute(201): signed/unsigned mismatch, unsigned assumed
 ok=1 outsize=1097

Cmd: compileComputeKernel
  insize=5579 file=F:/Documents/Woodbury/2021 Fall/CSMA 302 - Advanced Programming/Assignments + Projects/Assignment 6/csma_302_6/Assets/FluidSim.compute kernel=Diffuse cachingPP=1 ppOnly=0 stripLineD=0 buildPlatform=19 km=<UNITY_VERSION=202039> pKW=UNITY_ENABLE_REFLECTION_BUFFERS UNITY_USE_DITHER_MASK_FOR_ALPHABLENDED_SHADOWS UNITY_PBS_USE_BRDF1 UNITY_SPECCUBE_BOX_PROJECTION UNITY_SPECCUBE_BLENDING UNITY_ENABLE_DETAIL_NORMALMAP SHADER_API_DESKTOP UNITY_COLORSPACE_GAMMA UNITY_LIGHT_PROBE_PROXY_VOLUME UNITY_LIGHTMAP_FULL_HDR uKW=SHADER_STAGE_COMPUTE platform=d3d11 flags=0  error: 1 plat 4 at FluidSim.compute(167): signed/unsigned mismatch, unsigned assumed
  error: 1 plat 4 at FluidSim.compute(177): signed/unsigned mismatch, unsigned assumed
  error: 1 plat 4 at FluidSim.compute(191): signed/unsigned mismatch, unsigned assumed
  error: 1 plat 4 at FluidSim.compute(201): signed/unsigned mismatch, unsigned assumed
  error: 2 plat 4 at FluidSim.compute(206): syntax error: unexpected token ';'
  error: 2 plat 4 at FluidSim.compute(208): syntax error: unexpected token ')'
  error: 2 plat 4 at FluidSim.compute(211): syntax error: unexpected token '}'
 ok=0 outsize=0

Cmd: compileComputeKernel
  insize=5599 file=F:/Documents/Woodbury/2021 Fall/CSMA 302 - Advanced Programming/Assignments + Projects/Assignment 6/csma_302_6/Assets/FluidSim.compute kernel=Force cachingPP=1 ppOnly=0 stripLineD=0 buildPlatform=19 km=<UNITY_VERSION=202039> pKW=UNITY_ENABLE_REFLECTION_BUFFERS UNITY_USE_DITHER_MASK_FOR_ALPHABLENDED_SHADOWS UNITY_PBS_USE_BRDF1 UNITY_SPECCUBE_BOX_PROJECTION UNITY_SPECCUBE_BLENDING UNITY_ENABLE_DETAIL_NORMALMAP SHADER_API_DESKTOP UNITY_COLORSPACE_GAMMA UNITY_LIGHT_PROBE_PROXY_VOLUME UNITY_LIGHTMAP_FULL_HDR uKW=SHADER_STAGE_COMPUTE platform=d3d11 flags=0  error: 1 plat 4 at FluidSim.compute(167): signed/unsigned mismatch, unsigned assumed
  error: 1 plat 4 at FluidSim.compute(177): signed/unsigned mismatch, unsigned assumed
  error: 1 plat 4 at FluidSim.compute(191): signed/unsigned mismatch, unsigned assumed
  error: 1 plat 4 at FluidSim.compute(201): signed/unsigned mismatch, unsigned assumed
 ok=1 outsize=742

Cmd: compileComputeKernel
  insize=5580 file=F:/Documents/Woodbury/2021 Fall/CSMA 302 - Advanced Programming/Assignments + Projects/Assignment 6/csma_302_6/Assets/FluidSim.compute kernel=ProjectField cachingPP=1 ppOnly=0 stripLineD=0 buildPlatform=19 km=<UNITY_VERSION=202039> pKW=UNITY_ENABLE_REFLECTION_BUFFERS UNITY_USE_DITHER_MASK_FOR_ALPHABLENDED_SHADOWS UNITY_PBS_USE_BRDF1 UNITY_SPECCUBE_BOX_PROJECTION UNITY_SPECCUBE_BLENDING UNITY_ENABLE_DETAIL_NORMALMAP SHADER_API_DESKTOP UNITY_COLORSPACE_GAMMA UNITY_LIGHT_PROBE_PROXY_VOLUME UNITY_LIGHTMAP_FULL_HDR uKW=SHADER_STAGE_COMPUTE platform=d3d11 flags=0  error: 1 plat 4 at FluidSim.compute(167): signed/unsigned mismatch, unsigned assumed
  error: 1 plat 4 at FluidSim.compute(177): signed/unsigned mismatch, unsigned assumed
  error: 1 plat 4 at FluidSim.compute(191): signed/unsigned mismatch, unsigned assumed
  error: 1 plat 4 at FluidSim.compute(201): signed/unsigned mismatch, unsigned assumed
 ok=1 outsize=1097

Cmd: compileComputeKernel
  insize=5579 file=F:/Documents/Woodbury/2021 Fall/CSMA 302 - Advanced Programming/Assignments + Projects/Assignment 6/csma_302_6/Assets/FluidSim.compute kernel=BoundaryPressure cachingPP=1 ppOnly=0 stripLineD=0 buildPlatform=19 km=<UNITY_VERSION=202039> pKW=UNITY_ENABLE_REFLECTION_BUFFERS UNITY_USE_DITHER_MASK_FOR_ALPHABLENDED_SHADOWS UNITY_PBS_USE_BRDF1 UNITY_SPECCUBE_BOX_PROJECTION UNITY_SPECCUBE_BLENDING UNITY_ENABLE_DETAIL_NORMALMAP SHADER_API_DESKTOP UNITY_COLORSPACE_GAMMA UNITY_LIGHT_PROBE_PROXY_VOLUME UNITY_LIGHTMAP_FULL_HDR uKW=SHADER_STAGE_COMPUTE platform=d3d11 flags=0  error: 1 plat 4 at FluidSim.compute(167): signed/unsigned mismatch, unsigned assumed
  error: 1 plat 4 at FluidSim.compute(177): signed/unsigned mismatch, unsigned assumed
  error: 1 plat 4 at FluidSim.compute(191): signed/unsigned mismatch, unsigned assumed
  error: 1 plat 4 at FluidSim.compute(201): signed/unsigned mismatch, unsigned assumed
 ok=1 outsize=1173

Cmd: compileComputeKernel
  insize=5579 file=F:/Documents/Woodbury/2021 Fall/CSMA 302 - Advanced Programming/Assignments + Projects/Assignment 6/csma_302_6/Assets/FluidSim.compute kernel=Test cachingPP=1 ppOnly=0 stripLineD=0 buildPlatform=19 km=<UNITY_VERSION=202039> pKW=UNITY_ENABLE_REFLECTION_BUFFERS UNITY_USE_DITHER_MASK_FOR_ALPHABLENDED_SHADOWS UNITY_PBS_USE_BRDF1 UNITY_SPECCUBE_BOX_PROJECTION UNITY_SPECCUBE_BLENDING UNITY_ENABLE_DETAIL_NORMALMAP SHADER_API_DESKTOP UNITY_COLORSPACE_GAMMA UNITY_LIGHT_PROBE_PROXY_VOLUME UNITY_LIGHTMAP_FULL_HDR uKW=SHADER_STAGE_COMPUTE platform=d3d11 flags=0  error: 1 plat 4 at FluidSim.compute(167): signed/unsigned mismatch, unsigned assumed
  error: 1 plat 4 at FluidSim.compute(177): signed/unsigned mismatch, unsigned assumed
  error: 1 plat 4 at FluidSim.compute(191): signed/unsigned mismatch, unsigned assumed
  error: 1 plat 4 at FluidSim.compute(201): signed/unsigned mismatch, unsigned assumed
 ok=1 outsize=761

Cmd: compileComputeKernel
  insize=5581 file=F:/Documents/Woodbury/2021 Fall/CSMA 302 - Advanced Programming/Assignments + Projects/Assignment 6/csma_302_6/Assets/FluidSim.compute kernel=BoundaryPressure cachingPP=1 ppOnly=0 stripLineD=0 buildPlatform=19 km=<UNITY_VERSION=202039> pKW=UNITY_ENABLE_REFLECTION_BUFFERS UNITY_USE_DITHER_MASK_FOR_ALPHABLENDED_SHADOWS UNITY_PBS_USE_BRDF1 UNITY_SPECCUBE_BOX_PROJECTION UNITY_SPECCUBE_BLENDING UNITY_ENABLE_DETAIL_NORMALMAP SHADER_API_DESKTOP UNITY_COLORSPACE_GAMMA UNITY_LIGHT_PROBE_PROXY_VOLUME UNITY_LIGHTMAP_FULL_HDR uKW=SHADER_STAGE_COMPUTE platform=d3d11 flags=0  error: 1 plat 4 at FluidSim.compute(167): signed/unsigned mismatch, unsigned assumed
  error: 1 plat 4 at FluidSim.compute(177): signed/unsigned mismatch, unsigned assumed
  error: 1 plat 4 at FluidSim.compute(191): signed/unsigned mismatch, unsigned assumed
  error: 1 plat 4 at FluidSim.compute(201): signed/unsigned mismatch, unsigned assumed
 ok=1 outsize=1173

Cmd: compileComputeKernel
  insize=5581 file=F:/Documents/Woodbury/2021 Fall/CSMA 302 - Advanced Programming/Assignments + Projects/Assignment 6/csma_302_6/Assets/FluidSim.compute kernel=ProjectField cachingPP=1 ppOnly=0 stripLineD=0 buildPlatform=19 km=<UNITY_VERSION=202039> pKW=UNITY_ENABLE_REFLECTION_BUFFERS UNITY_USE_DITHER_MASK_FOR_ALPHABLENDED_SHADOWS UNITY_PBS_USE_BRDF1 UNITY_SPECCUBE_BOX_PROJECTION UNITY_SPECCUBE_BLENDING UNITY_ENABLE_DETAIL_NORMALMAP SHADER_API_DESKTOP UNITY_COLORSPACE_GAMMA UNITY_LIGHT_PROBE_PROXY_VOLUME UNITY_LIGHTMAP_FULL_HDR uKW=SHADER_STAGE_COMPUTE platform=d3d11 flags=0  error: 1 plat 4 at FluidSim.compute(167): signed/unsigned mismatch, unsigned assumed
  error: 1 plat 4 at FluidSim.compute(177): signed/unsigned mismatch, unsigned assumed
  error: 1 plat 4 at FluidSim.compute(191): signed/unsigned mismatch, unsigned assumed
  error: 1 plat 4 at FluidSim.compute(201): signed/unsigned mismatch, unsigned assumed
 ok=1 outsize=1097

Cmd: compileComputeKernel
  insize=5581 file=F:/Documents/Woodbury/2021 Fall/CSMA 302 - Advanced Programming/Assignments + Projects/Assignment 6/csma_302_6/Assets/FluidSim.compute kernel=Force cachingPP=1 ppOnly=0 stripLineD=0 buildPlatform=19 km=<UNITY_VERSION=202039> pKW=UNITY_ENABLE_REFLECTION_BUFFERS UNITY_USE_DITHER_MASK_FOR_ALPHABLENDED_SHADOWS UNITY_PBS_USE_BRDF1 UNITY_SPECCUBE_BOX_PROJECTION UNITY_SPECCUBE_BLENDING UNITY_ENABLE_DETAIL_NORMALMAP SHADER_API_DESKTOP UNITY_COLORSPACE_GAMMA UNITY_LIGHT_PROBE_PROXY_VOLUME UNITY_LIGHTMAP_FULL_HDR uKW=SHADER_STAGE_COMPUTE platform=d3d11 flags=0  error: 1 plat 4 at FluidSim.compute(167): signed/unsigned mismatch, unsigned assumed
  error: 1 plat 4 at FluidSim.compute(177): signed/unsigned mismatch, unsigned assumed
  error: 1 plat 4 at FluidSim.compute(191): signed/unsigned mismatch, unsigned assumed
  error: 1 plat 4 at FluidSim.compute(201): signed/unsigned mismatch, unsigned assumed
 ok=1 outsize=742

Cmd: compileComputeKernel
  insize=5583 file=F:/Documents/Woodbury/2021 Fall/CSMA 302 - Advanced Programming/Assignments + Projects/Assignment 6/csma_302_6/Assets/FluidSim.compute kernel=BoundaryPressure cachingPP=1 ppOnly=0 stripLineD=0 buildPlatform=19 km=<UNITY_VERSION=202039> pKW=UNITY_ENABLE_REFLECTION_BUFFERS UNITY_USE_DITHER_MASK_FOR_ALPHABLENDED_SHADOWS UNITY_PBS_USE_BRDF1 UNITY_SPECCUBE_BOX_PROJECTION UNITY_SPECCUBE_BLENDING UNITY_ENABLE_DETAIL_NORMALMAP SHADER_API_DESKTOP UNITY_COLORSPACE_GAMMA UNITY_LIGHT_PROBE_PROXY_VOLUME UNITY_LIGHTMAP_FULL_HDR uKW=SHADER_STAGE_COMPUTE platform=d3d11 flags=0  error: 1 plat 4 at FluidSim.compute(167): signed/unsigned mismatch, unsigned assumed
  error: 1 plat 4 at FluidSim.compute(177): signed/unsigned mismatch, unsigned assumed
  error: 1 plat 4 at FluidSim.compute(191): signed/unsigned mismatch, unsigned assumed
  error: 1 plat 4 at FluidSim.compute(201): signed/unsigned mismatch, unsigned assumed
  error: 2 plat 4 at FluidSim.compute(208): 'distance': no matching 2 parameter intrinsic function; Possible intrinsic functions are: distance(floatM|halfM|min10floatM|min16floatM, floatM|halfM|min10floatM|min16floatM)
  error: 2 plat 4 at FluidSim.compute(208): int or unsigned int type required
 ok=0 outsize=0

Cmd: compileComputeKernel
  insize=5581 file=F:/Documents/Woodbury/2021 Fall/CSMA 302 - Advanced Programming/Assignments + Projects/Assignment 6/csma_302_6/Assets/FluidSim.compute kernel=Pressure cachingPP=1 ppOnly=0 stripLineD=0 buildPlatform=19 km=<UNITY_VERSION=202039> pKW=UNITY_ENABLE_REFLECTION_BUFFERS UNITY_USE_DITHER_MASK_FOR_ALPHABLENDED_SHADOWS UNITY_PBS_USE_BRDF1 UNITY_SPECCUBE_BOX_PROJECTION UNITY_SPECCUBE_BLENDING UNITY_ENABLE_DETAIL_NORMALMAP SHADER_API_DESKTOP UNITY_COLORSPACE_GAMMA UNITY_LIGHT_PROBE_PROXY_VOLUME UNITY_LIGHTMAP_FULL_HDR uKW=SHADER_STAGE_COMPUTE platform=d3d11 flags=0  error: 1 plat 4 at FluidSim.compute(167): signed/unsigned mismatch, unsigned assumed
  error: 1 plat 4 at FluidSim.compute(177): signed/unsigned mismatch, unsigned assumed
  error: 1 plat 4 at FluidSim.compute(191): signed/unsigned mismatch, unsigned assumed
  error: 1 plat 4 at FluidSim.compute(201): signed/unsigned mismatch, unsigned assumed
 ok=1 outsize=1049

Cmd: compileComputeKernel
  insize=5597 file=F:/Documents/Woodbury/2021 Fall/CSMA 302 - Advanced Programming/Assignments + Projects/Assignment 6/csma_302_6/Assets/FluidSim.compute kernel=Force cachingPP=1 ppOnly=0 stripLineD=0 buildPlatform=19 km=<UNITY_VERSION=202039> pKW=UNITY_ENABLE_REFLECTION_BUFFERS UNITY_USE_DITHER_MASK_FOR_ALPHABLENDED_SHADOWS UNITY_PBS_USE_BRDF1 UNITY_SPECCUBE_BOX_PROJECTION UNITY_SPECCUBE_BLENDING UNITY_ENABLE_DETAIL_NORMALMAP SHADER_API_DESKTOP UNITY_COLORSPACE_GAMMA UNITY_LIGHT_PROBE_PROXY_VOLUME UNITY_LIGHTMAP_FULL_HDR uKW=SHADER_STAGE_COMPUTE platform=d3d11 flags=0  error: 1 plat 4 at FluidSim.compute(167): signed/unsigned mismatch, unsigned assumed
  error: 1 plat 4 at FluidSim.compute(177): signed/unsigned mismatch, unsigned assumed
  error: 1 plat 4 at FluidSim.compute(191): signed/unsigned mismatch, unsigned assumed
  error: 1 plat 4 at FluidSim.compute(201): signed/unsigned mismatch, unsigned assumed
  error: 2 plat 4 at FluidSim.compute(208): undeclared identifier '_Time'
 ok=0 outsize=0

Cmd: compileComputeKernel
  insize=5587 file=F:/Documents/Woodbury/2021 Fall/CSMA 302 - Advanced Programming/Assignments + Projects/Assignment 6/csma_302_6/Assets/FluidSim.compute kernel=BoundaryVelocity cachingPP=1 ppOnly=0 stripLineD=0 buildPlatform=19 km=<UNITY_VERSION=202039> pKW=UNITY_ENABLE_REFLECTION_BUFFERS UNITY_USE_DITHER_MASK_FOR_ALPHABLENDED_SHADOWS UNITY_PBS_USE_BRDF1 UNITY_SPECCUBE_BOX_PROJECTION UNITY_SPECCUBE_BLENDING UNITY_ENABLE_DETAIL_NORMALMAP SHADER_API_DESKTOP UNITY_COLORSPACE_GAMMA UNITY_LIGHT_PROBE_PROXY_VOLUME UNITY_LIGHTMAP_FULL_HDR uKW=SHADER_STAGE_COMPUTE platform=d3d11 flags=0  error: 1 plat 4 at FluidSim.compute(167): signed/unsigned mismatch, unsigned assumed
  error: 1 plat 4 at FluidSim.compute(177): signed/unsigned mismatch, unsigned assumed
  error: 1 plat 4 at FluidSim.compute(191): signed/unsigned mismatch, unsigned assumed
  error: 1 plat 4 at FluidSim.compute(201): signed/unsigned mismatch, unsigned assumed
 ok=1 outsize=1664

Cmd: compileComputeKernel
  insize=5587 file=F:/Documents/Woodbury/2021 Fall/CSMA 302 - Advanced Programming/Assignments + Projects/Assignment 6/csma_302_6/Assets/FluidSim.compute kernel=Test cachingPP=1 ppOnly=0 stripLineD=0 buildPlatform=19 km=<UNITY_VERSION=202039> pKW=UNITY_ENABLE_REFLECTION_BUFFERS UNITY_USE_DITHER_MASK_FOR_ALPHABLENDED_SHADOWS UNITY_PBS_USE_BRDF1 UNITY_SPECCUBE_BOX_PROJECTION UNITY_SPECCUBE_BLENDING UNITY_ENABLE_DETAIL_NORMALMAP SHADER_API_DESKTOP UNITY_COLORSPACE_GAMMA UNITY_LIGHT_PROBE_PROXY_VOLUME UNITY_LIGHTMAP_FULL_HDR uKW=SHADER_STAGE_COMPUTE platform=d3d11 flags=0  error: 1 plat 4 at FluidSim.compute(167): signed/unsigned mismatch, unsigned assumed
  error: 1 plat 4 at FluidSim.compute(177): signed/unsigned mismatch, unsigned assumed
  error: 1 plat 4 at FluidSim.compute(191): signed/unsigned mismatch, unsigned assumed
  error: 1 plat 4 at FluidSim.compute(201): signed/unsigned mismatch, unsigned assumed
 ok=1 outsize=761

Cmd: compileComputeKernel
  insize=5587 file=F:/Documents/Woodbury/2021 Fall/CSMA 302 - Advanced Programming/Assignments + Projects/Assignment 6/csma_302_6/Assets/FluidSim.compute kernel=Divergence cachingPP=1 ppOnly=0 stripLineD=0 buildPlatform=19 km=<UNITY_VERSION=202039> pKW=UNITY_ENABLE_REFLECTION_BUFFERS UNITY_USE_DITHER_MASK_FOR_ALPHABLENDED_SHADOWS UNITY_PBS_USE_BRDF1 UNITY_SPECCUBE_BOX_PROJECTION UNITY_SPECCUBE_BLENDING UNITY_ENABLE_DETAIL_NORMALMAP SHADER_API_DESKTOP UNITY_COLORSPACE_GAMMA UNITY_LIGHT_PROBE_PROXY_VOLUME UNITY_LIGHTMAP_FULL_HDR uKW=SHADER_STAGE_COMPUTE platform=d3d11 flags=0  error: 1 plat 4 at FluidSim.compute(167): signed/unsigned mismatch, unsigned assumed
  error: 1 plat 4 at FluidSim.compute(177): signed/unsigned mismatch, unsigned assumed
  error: 1 plat 4 at FluidSim.compute(191): signed/unsigned mismatch, unsigned assumed
  error: 1 plat 4 at FluidSim.compute(201): signed/unsigned mismatch, unsigned assumed
 ok=1 outsize=981

Cmd: compileComputeKernel
  insize=5587 file=F:/Documents/Woodbury/2021 Fall/CSMA 302 - Advanced Programming/Assignments + Projects/Assignment 6/csma_302_6/Assets/FluidSim.compute kernel=BoundaryVelocity cachingPP=1 ppOnly=0 stripLineD=0 buildPlatform=19 km=<UNITY_VERSION=202039> pKW=UNITY_ENABLE_REFLECTION_BUFFERS UNITY_USE_DITHER_MASK_FOR_ALPHABLENDED_SHADOWS UNITY_PBS_USE_BRDF1 UNITY_SPECCUBE_BOX_PROJECTION UNITY_SPECCUBE_BLENDING UNITY_ENABLE_DETAIL_NORMALMAP SHADER_API_DESKTOP UNITY_COLORSPACE_GAMMA UNITY_LIGHT_PROBE_PROXY_VOLUME UNITY_LIGHTMAP_FULL_HDR uKW=SHADER_STAGE_COMPUTE platform=d3d11 flags=0  error: 1 plat 4 at FluidSim.compute(167): signed/unsigned mismatch, unsigned assumed
  error: 1 plat 4 at FluidSim.compute(177): signed/unsigned mismatch, unsigned assumed
  error: 1 plat 4 at FluidSim.compute(191): signed/unsigned mismatch, unsigned assumed
  error: 1 plat 4 at FluidSim.compute(201): signed/unsigned mismatch, unsigned assumed
 ok=1 outsize=1664

Cmd: compileComputeKernel
  insize=5587 file=F:/Documents/Woodbury/2021 Fall/CSMA 302 - Advanced Programming/Assignments + Projects/Assignment 6/csma_302_6/Assets/FluidSim.compute kernel=Test cachingPP=1 ppOnly=0 stripLineD=0 buildPlatform=19 km=<UNITY_VERSION=202039> pKW=UNITY_ENABLE_REFLECTION_BUFFERS UNITY_USE_DITHER_MASK_FOR_ALPHABLENDED_SHADOWS UNITY_PBS_USE_BRDF1 UNITY_SPECCUBE_BOX_PROJECTION UNITY_SPECCUBE_BLENDING UNITY_ENABLE_DETAIL_NORMALMAP SHADER_API_DESKTOP UNITY_COLORSPACE_GAMMA UNITY_LIGHT_PROBE_PROXY_VOLUME UNITY_LIGHTMAP_FULL_HDR uKW=SHADER_STAGE_COMPUTE platform=d3d11 flags=0  error: 1 plat 4 at FluidSim.compute(167): signed/unsigned mismatch, unsigned assumed
  error: 1 plat 4 at FluidSim.compute(177): signed/unsigned mismatch, unsigned assumed
  error: 1 plat 4 at FluidSim.compute(191): signed/unsigned mismatch, unsigned assumed
  error: 1 plat 4 at FluidSim.compute(201): signed/unsigned mismatch, unsigned assumed
 ok=1 outsize=761

Cmd: compileComputeKernel
  insize=5595 file=F:/Documents/Woodbury/2021 Fall/CSMA 302 - Advanced Programming/Assignments + Projects/Assignment 6/csma_302_6/Assets/FluidSim.compute kernel=Pressure cachingPP=1 ppOnly=0 stripLineD=0 buildPlatform=19 km=<UNITY_VERSION=202039> pKW=UNITY_ENABLE_REFLECTION_BUFFERS UNITY_USE_DITHER_MASK_FOR_ALPHABLENDED_SHADOWS UNITY_PBS_USE_BRDF1 UNITY_SPECCUBE_BOX_PROJECTION UNITY_SPECCUBE_BLENDING UNITY_ENABLE_DETAIL_NORMALMAP SHADER_API_DESKTOP UNITY_COLORSPACE_GAMMA UNITY_LIGHT_PROBE_PROXY_VOLUME UNITY_LIGHTMAP_FULL_HDR uKW=SHADER_STAGE_COMPUTE platform=d3d11 flags=0  error: 1 plat 4 at FluidSim.compute(167): signed/unsigned mismatch, unsigned assumed
  error: 1 plat 4 at FluidSim.compute(177): signed/unsigned mismatch, unsigned assumed
  error: 1 plat 4 at FluidSim.compute(191): signed/unsigned mismatch, unsigned assumed
  error: 1 plat 4 at FluidSim.compute(201): signed/unsigned mismatch, unsigned assumed
 ok=1 outsize=1049

Cmd: compileComputeKernel
  insize=5595 file=F:/Documents/Woodbury/2021 Fall/CSMA 302 - Advanced Programming/Assignments + Projects/Assignment 6/csma_302_6/Assets/FluidSim.compute kernel=Force cachingPP=1 ppOnly=0 stripLineD=0 buildPlatform=19 km=<UNITY_VERSION=202039> pKW=UNITY_ENABLE_REFLECTION_BUFFERS UNITY_USE_DITHER_MASK_FOR_ALPHABLENDED_SHADOWS UNITY_PBS_USE_BRDF1 UNITY_SPECCUBE_BOX_PROJECTION UNITY_SPECCUBE_BLENDING UNITY_ENABLE_DETAIL_NORMALMAP SHADER_API_DESKTOP UNITY_COLORSPACE_GAMMA UNITY_LIGHT_PROBE_PROXY_VOLUME UNITY_LIGHTMAP_FULL_HDR uKW=SHADER_STAGE_COMPUTE platform=d3d11 flags=0  error: 1 plat 4 at FluidSim.compute(167): signed/unsigned mismatch, unsigned assumed
  error: 1 plat 4 at FluidSim.compute(177): signed/unsigned mismatch, unsigned assumed
  error: 1 plat 4 at FluidSim.compute(191): signed/unsigned mismatch, unsigned assumed
  error: 1 plat 4 at FluidSim.compute(201): signed/unsigned mismatch, unsigned assumed
 ok=1 outsize=742

Cmd: compileComputeKernel
  insize=5587 file=F:/Documents/Woodbury/2021 Fall/CSMA 302 - Advanced Programming/Assignments + Projects/Assignment 6/csma_302_6/Assets/FluidSim.compute kernel=BoundaryVelocity cachingPP=1 ppOnly=0 stripLineD=0 buildPlatform=19 km=<UNITY_VERSION=202039> pKW=UNITY_ENABLE_REFLECTION_BUFFERS UNITY_USE_DITHER_MASK_FOR_ALPHABLENDED_SHADOWS UNITY_PBS_USE_BRDF1 UNITY_SPECCUBE_BOX_PROJECTION UNITY_SPECCUBE_BLENDING UNITY_ENABLE_DETAIL_NORMALMAP SHADER_API_DESKTOP UNITY_COLORSPACE_GAMMA UNITY_LIGHT_PROBE_PROXY_VOLUME UNITY_LIGHTMAP_FULL_HDR uKW=SHADER_STAGE_COMPUTE platform=d3d11 flags=0  error: 1 plat 4 at FluidSim.compute(167): signed/unsigned mismatch, unsigned assumed
  error: 1 plat 4 at FluidSim.compute(177): signed/unsigned mismatch, unsigned assumed
  error: 1 plat 4 at FluidSim.compute(191): signed/unsigned mismatch, unsigned assumed
  error: 1 plat 4 at FluidSim.compute(201): signed/unsigned mismatch, unsigned assumed
 ok=1 outsize=1680

Cmd: shutdown

Quitting shader compiler process
